<?xml version="1.0" encoding="UTF-8"?>
<!-- Generated by org.testng.reporters.JUnitReportReporter -->
<testsuite skipped="0" hostname="FlyingBeast" name="com.qa.junglee.tests.LoginPageTests" tests="1" failures="0" timestamp="2019-12-09T07:10:21 IST" time="11.849" errors="0">
  <testcase name="loginPageTest" time="11.849" classname="com.qa.junglee.tests.LoginPageTests"/>
</testsuite> <!-- com.qa.junglee.tests.LoginPageTests -->
