<?xml version="1.0" encoding="UTF-8"?>
<!-- Generated by org.testng.reporters.JUnitReportReporter -->
<testsuite skipped="0" hostname="FlyingBeast" name="com.qa.junglee.tests.StartPageTests" tests="1" failures="0" timestamp="2019-12-09T07:11:48 IST" time="14.887" errors="0">
  <testcase name="startPageTitleTest" time="14.887" classname="com.qa.junglee.tests.StartPageTests"/>
</testsuite> <!-- com.qa.junglee.tests.StartPageTests -->
