<?xml version="1.0" encoding="UTF-8"?>
<!-- Generated by org.testng.reporters.JUnitReportReporter -->
<testsuite skipped="0" hostname="FlyingBeast" name="com.qa.junglee.tests.LobbyPageTests" tests="2" failures="0" timestamp="2019-12-09T07:24:41 IST" time="31.991" errors="0">
  <testcase name="registerTest" time="15.532" classname="com.qa.junglee.tests.LobbyPageTests"/>
  <testcase name="loginTest" time="16.459" classname="com.qa.junglee.tests.LobbyPageTests"/>
</testsuite> <!-- com.qa.junglee.tests.LobbyPageTests -->
